{"__type":"$$EventMessageAudit","id":"652b0bb5-456c-4fa8-89b2-520da8ae4e7d","ts":"2025-07-04T09:31:24.479+07:00","eventName":"n8n.audit.user.credentials.created","message":"n8n.audit.user.credentials.created","payload":{"userId":"93bbfae3-8fe7-4590-a7a6-dff5be3b5093","_email":"kietngo9204@gmail.com","_firstName":"Kiet","_lastName":"Corn","globalRole":"global:owner","credentialType":"ollamaApi","credentialId":"mkfb2EQnbwdShu1j","publicApi":false,"projectId":"hRhFMf4dgWX1h8vs","projectType":"personal"}}
{"__type":"$$EventMessageConfirm","confirm":"652b0bb5-456c-4fa8-89b2-520da8ae4e7d","ts":"2025-07-04T09:31:24.513+07:00","source":{"id":"0","name":"eventBus"}}
{"__type":"$$EventMessageAudit","id":"3f8b9f54-3a60-4882-8c1e-f420531b0af5","ts":"2025-07-03T22:32:25.149-04:00","eventName":"n8n.audit.user.credentials.updated","message":"n8n.audit.user.credentials.updated","payload":{"userId":"93bbfae3-8fe7-4590-a7a6-dff5be3b5093","_email":"kietngo9204@gmail.com","_firstName":"Kiet","_lastName":"Corn","globalRole":"global:owner","credentialType":"ollamaApi","credentialId":"mkfb2EQnbwdShu1j"}}
{"__type":"$$EventMessageConfirm","confirm":"3f8b9f54-3a60-4882-8c1e-f420531b0af5","ts":"2025-07-03T22:32:25.150-04:00","source":{"id":"0","name":"eventBus"}}
{"__type":"$$EventMessageAudit","id":"d4146c12-2d8d-474e-85eb-30d5830722b1","ts":"2025-07-03T22:34:47.190-04:00","eventName":"n8n.audit.user.credentials.updated","message":"n8n.audit.user.credentials.updated","payload":{"userId":"93bbfae3-8fe7-4590-a7a6-dff5be3b5093","_email":"kietngo9204@gmail.com","_firstName":"Kiet","_lastName":"Corn","globalRole":"global:owner","credentialType":"ollamaApi","credentialId":"mkfb2EQnbwdShu1j"}}
{"__type":"$$EventMessageConfirm","confirm":"d4146c12-2d8d-474e-85eb-30d5830722b1","ts":"2025-07-03T22:34:47.190-04:00","source":{"id":"0","name":"eventBus"}}
{"__type":"$$EventMessageAudit","id":"cef98057-7036-4617-b51b-c23f65afa286","ts":"2025-07-03T22:36:21.649-04:00","eventName":"n8n.audit.workflow.created","message":"n8n.audit.workflow.created","payload":{"userId":"93bbfae3-8fe7-4590-a7a6-dff5be3b5093","_email":"kietngo9204@gmail.com","_firstName":"Kiet","_lastName":"Corn","globalRole":"global:owner","workflowId":"nBxpNYj7DCDZMOG7","workflowName":"My workflow"}}
{"__type":"$$EventMessageConfirm","confirm":"cef98057-7036-4617-b51b-c23f65afa286","ts":"2025-07-03T22:36:21.649-04:00","source":{"id":"0","name":"eventBus"}}
{"__type":"$$EventMessageWorkflow","id":"5a570f66-fbf2-470b-8e5e-99de371c83cb","ts":"2025-07-03T22:36:22.760-04:00","eventName":"n8n.workflow.started","message":"n8n.workflow.started","payload":{"executionId":"1","workflowId":"nBxpNYj7DCDZMOG7","isManual":false,"workflowName":"My workflow"}}
{"__type":"$$EventMessageConfirm","confirm":"5a570f66-fbf2-470b-8e5e-99de371c83cb","ts":"2025-07-03T22:36:22.761-04:00","source":{"id":"0","name":"eventBus"}}
{"__type":"$$EventMessageWorkflow","id":"60993a5c-15ba-4e85-91bc-613cbaf665fd","ts":"2025-07-03T22:36:22.766-04:00","eventName":"n8n.workflow.success","message":"n8n.workflow.success","payload":{"executionId":"1","userId":"93bbfae3-8fe7-4590-a7a6-dff5be3b5093","success":true,"isManual":true,"workflowId":"nBxpNYj7DCDZMOG7","workflowName":"My workflow"}}
{"__type":"$$EventMessageConfirm","confirm":"60993a5c-15ba-4e85-91bc-613cbaf665fd","ts":"2025-07-03T22:36:22.767-04:00","source":{"id":"0","name":"eventBus"}}
{"__type":"$$EventMessageWorkflow","id":"86b5540e-4c38-402c-b829-d5a9425861f5","ts":"2025-07-03T22:36:29.406-04:00","eventName":"n8n.workflow.started","message":"n8n.workflow.started","payload":{"executionId":"2","workflowId":"nBxpNYj7DCDZMOG7","isManual":false,"workflowName":"My workflow"}}
{"__type":"$$EventMessageConfirm","confirm":"86b5540e-4c38-402c-b829-d5a9425861f5","ts":"2025-07-03T22:36:29.407-04:00","source":{"id":"0","name":"eventBus"}}
{"__type":"$$EventMessageNode","id":"6627580e-a554-405f-a850-136bc20bf592","ts":"2025-07-03T22:36:29.409-04:00","eventName":"n8n.node.started","message":"n8n.node.started","payload":{"workflowId":"nBxpNYj7DCDZMOG7","workflowName":"My workflow","executionId":"2","nodeType":"n8n-nodes-base.rssFeedRead","nodeName":"RSS Read","nodeId":"69c1b352-5f9f-4e3a-bf53-481bbf5c3da0"}}
{"__type":"$$EventMessageConfirm","confirm":"6627580e-a554-405f-a850-136bc20bf592","ts":"2025-07-03T22:36:29.410-04:00","source":{"id":"0","name":"eventBus"}}
{"__type":"$$EventMessageNode","id":"15ae271f-22f7-4224-80dd-8770a7f57a0c","ts":"2025-07-03T22:36:30.971-04:00","eventName":"n8n.node.finished","message":"n8n.node.finished","payload":{"workflowId":"nBxpNYj7DCDZMOG7","workflowName":"My workflow","executionId":"2","nodeType":"n8n-nodes-base.rssFeedRead","nodeName":"RSS Read","nodeId":"69c1b352-5f9f-4e3a-bf53-481bbf5c3da0"}}
{"__type":"$$EventMessageConfirm","confirm":"15ae271f-22f7-4224-80dd-8770a7f57a0c","ts":"2025-07-03T22:36:30.972-04:00","source":{"id":"0","name":"eventBus"}}
{"__type":"$$EventMessageWorkflow","id":"86aeee5c-2c22-4d0e-b64f-70f4634da524","ts":"2025-07-03T22:36:30.983-04:00","eventName":"n8n.workflow.success","message":"n8n.workflow.success","payload":{"executionId":"2","userId":"93bbfae3-8fe7-4590-a7a6-dff5be3b5093","success":true,"isManual":true,"workflowId":"nBxpNYj7DCDZMOG7","workflowName":"My workflow"}}
{"__type":"$$EventMessageConfirm","confirm":"86aeee5c-2c22-4d0e-b64f-70f4634da524","ts":"2025-07-03T22:36:30.984-04:00","source":{"id":"0","name":"eventBus"}}
{"__type":"$$EventMessageWorkflow","id":"4f08c4a7-bb0c-423d-a795-c965eab1086b","ts":"2025-07-03T22:37:04.882-04:00","eventName":"n8n.workflow.failed","message":"n8n.workflow.failed","payload":{"executionId":"3","userId":"93bbfae3-8fe7-4590-a7a6-dff5be3b5093","success":false,"isManual":true,"workflowId":"nBxpNYj7DCDZMOG7","workflowName":"My workflow","errorMessage":"Connect a trigger to run this node"}}
{"__type":"$$EventMessageConfirm","confirm":"4f08c4a7-bb0c-423d-a795-c965eab1086b","ts":"2025-07-03T22:37:04.883-04:00","source":{"id":"0","name":"eventBus"}}
{"__type":"$$EventMessageWorkflow","id":"be13b58b-ad7d-45a1-be68-c6447fc78696","ts":"2025-07-03T22:37:11.291-04:00","eventName":"n8n.workflow.started","message":"n8n.workflow.started","payload":{"executionId":"4","workflowId":"nBxpNYj7DCDZMOG7","isManual":false,"workflowName":"My workflow"}}
{"__type":"$$EventMessageConfirm","confirm":"be13b58b-ad7d-45a1-be68-c6447fc78696","ts":"2025-07-03T22:37:11.292-04:00","source":{"id":"0","name":"eventBus"}}
{"__type":"$$EventMessageWorkflow","id":"06157fb0-2656-4b78-8960-935330adf557","ts":"2025-07-03T22:37:11.298-04:00","eventName":"n8n.workflow.success","message":"n8n.workflow.success","payload":{"executionId":"4","userId":"93bbfae3-8fe7-4590-a7a6-dff5be3b5093","success":true,"isManual":true,"workflowId":"nBxpNYj7DCDZMOG7","workflowName":"My workflow"}}
{"__type":"$$EventMessageConfirm","confirm":"06157fb0-2656-4b78-8960-935330adf557","ts":"2025-07-03T22:37:11.299-04:00","source":{"id":"0","name":"eventBus"}}
{"__type":"$$EventMessageWorkflow","id":"84137f30-2cbf-4566-8994-3cc0fa0a6692","ts":"2025-07-03T22:37:14.392-04:00","eventName":"n8n.workflow.started","message":"n8n.workflow.started","payload":{"executionId":"5","workflowId":"nBxpNYj7DCDZMOG7","isManual":false,"workflowName":"My workflow"}}
{"__type":"$$EventMessageConfirm","confirm":"84137f30-2cbf-4566-8994-3cc0fa0a6692","ts":"2025-07-03T22:37:14.393-04:00","source":{"id":"0","name":"eventBus"}}
{"__type":"$$EventMessageNode","id":"e8f225fa-0e91-44c4-a1f7-6ff29c038f05","ts":"2025-07-03T22:37:14.394-04:00","eventName":"n8n.node.started","message":"n8n.node.started","payload":{"workflowId":"nBxpNYj7DCDZMOG7","workflowName":"My workflow","executionId":"5","nodeType":"n8n-nodes-base.rssFeedRead","nodeName":"RSS Read","nodeId":"69c1b352-5f9f-4e3a-bf53-481bbf5c3da0"}}
{"__type":"$$EventMessageConfirm","confirm":"e8f225fa-0e91-44c4-a1f7-6ff29c038f05","ts":"2025-07-03T22:37:14.395-04:00","source":{"id":"0","name":"eventBus"}}
{"__type":"$$EventMessageNode","id":"db2a3563-5016-4142-b99b-dfe40ae80d87","ts":"2025-07-03T22:37:15.690-04:00","eventName":"n8n.node.finished","message":"n8n.node.finished","payload":{"workflowId":"nBxpNYj7DCDZMOG7","workflowName":"My workflow","executionId":"5","nodeType":"n8n-nodes-base.rssFeedRead","nodeName":"RSS Read","nodeId":"69c1b352-5f9f-4e3a-bf53-481bbf5c3da0"}}
{"__type":"$$EventMessageConfirm","confirm":"db2a3563-5016-4142-b99b-dfe40ae80d87","ts":"2025-07-03T22:37:15.690-04:00","source":{"id":"0","name":"eventBus"}}
{"__type":"$$EventMessageWorkflow","id":"2e4dba5e-1916-4aa1-bf33-dd93acba6a18","ts":"2025-07-03T22:37:15.699-04:00","eventName":"n8n.workflow.success","message":"n8n.workflow.success","payload":{"executionId":"5","userId":"93bbfae3-8fe7-4590-a7a6-dff5be3b5093","success":true,"isManual":true,"workflowId":"nBxpNYj7DCDZMOG7","workflowName":"My workflow"}}
{"__type":"$$EventMessageConfirm","confirm":"2e4dba5e-1916-4aa1-bf33-dd93acba6a18","ts":"2025-07-03T22:37:15.699-04:00","source":{"id":"0","name":"eventBus"}}
{"__type":"$$EventMessageWorkflow","id":"06f38a8b-0865-4936-bda8-fcfa9a284c29","ts":"2025-07-03T22:37:18.006-04:00","eventName":"n8n.workflow.failed","message":"n8n.workflow.failed","payload":{"executionId":"6","userId":"93bbfae3-8fe7-4590-a7a6-dff5be3b5093","success":false,"isManual":true,"workflowId":"nBxpNYj7DCDZMOG7","workflowName":"My workflow","errorMessage":"Connect a trigger to run this node"}}
{"__type":"$$EventMessageConfirm","confirm":"06f38a8b-0865-4936-bda8-fcfa9a284c29","ts":"2025-07-03T22:37:18.007-04:00","source":{"id":"0","name":"eventBus"}}
{"__type":"$$EventMessageWorkflow","id":"ae2c9cc6-f04f-4c3f-bea7-a7f8115603d9","ts":"2025-07-03T22:37:21.359-04:00","eventName":"n8n.workflow.started","message":"n8n.workflow.started","payload":{"executionId":"7","workflowId":"nBxpNYj7DCDZMOG7","isManual":false,"workflowName":"My workflow"}}
{"__type":"$$EventMessageConfirm","confirm":"ae2c9cc6-f04f-4c3f-bea7-a7f8115603d9","ts":"2025-07-03T22:37:21.360-04:00","source":{"id":"0","name":"eventBus"}}
{"__type":"$$EventMessageWorkflow","id":"db9b4e17-86c6-4aa3-b925-83558705d236","ts":"2025-07-03T22:37:21.366-04:00","eventName":"n8n.workflow.success","message":"n8n.workflow.success","payload":{"executionId":"7","userId":"93bbfae3-8fe7-4590-a7a6-dff5be3b5093","success":true,"isManual":true,"workflowId":"nBxpNYj7DCDZMOG7","workflowName":"My workflow"}}
{"__type":"$$EventMessageConfirm","confirm":"db9b4e17-86c6-4aa3-b925-83558705d236","ts":"2025-07-03T22:37:21.366-04:00","source":{"id":"0","name":"eventBus"}}
{"__type":"$$EventMessageWorkflow","id":"0c15df0e-d4d1-4563-9f42-664b77a99b84","ts":"2025-07-03T22:37:23.780-04:00","eventName":"n8n.workflow.failed","message":"n8n.workflow.failed","payload":{"executionId":"8","userId":"93bbfae3-8fe7-4590-a7a6-dff5be3b5093","success":false,"isManual":true,"workflowId":"nBxpNYj7DCDZMOG7","workflowName":"My workflow","errorMessage":"Connect a trigger to run this node"}}
{"__type":"$$EventMessageConfirm","confirm":"0c15df0e-d4d1-4563-9f42-664b77a99b84","ts":"2025-07-03T22:37:23.780-04:00","source":{"id":"0","name":"eventBus"}}
{"__type":"$$EventMessageWorkflow","id":"2addd339-056e-48b0-b000-a3fca4051cd3","ts":"2025-07-03T22:37:25.260-04:00","eventName":"n8n.workflow.started","message":"n8n.workflow.started","payload":{"executionId":"9","workflowId":"nBxpNYj7DCDZMOG7","isManual":false,"workflowName":"My workflow"}}
{"__type":"$$EventMessageConfirm","confirm":"2addd339-056e-48b0-b000-a3fca4051cd3","ts":"2025-07-03T22:37:25.260-04:00","source":{"id":"0","name":"eventBus"}}
{"__type":"$$EventMessageWorkflow","id":"9302910a-7ec3-4ce7-8e4c-0accc72c91f4","ts":"2025-07-03T22:37:25.266-04:00","eventName":"n8n.workflow.success","message":"n8n.workflow.success","payload":{"executionId":"9","userId":"93bbfae3-8fe7-4590-a7a6-dff5be3b5093","success":true,"isManual":true,"workflowId":"nBxpNYj7DCDZMOG7","workflowName":"My workflow"}}
{"__type":"$$EventMessageConfirm","confirm":"9302910a-7ec3-4ce7-8e4c-0accc72c91f4","ts":"2025-07-03T22:37:25.266-04:00","source":{"id":"0","name":"eventBus"}}
{"__type":"$$EventMessageWorkflow","id":"292432f7-e6fd-4d0a-a6fe-5e8a2b4a65fd","ts":"2025-07-03T22:37:26.508-04:00","eventName":"n8n.workflow.started","message":"n8n.workflow.started","payload":{"executionId":"10","workflowId":"nBxpNYj7DCDZMOG7","isManual":false,"workflowName":"My workflow"}}
{"__type":"$$EventMessageConfirm","confirm":"292432f7-e6fd-4d0a-a6fe-5e8a2b4a65fd","ts":"2025-07-03T22:37:26.508-04:00","source":{"id":"0","name":"eventBus"}}
{"__type":"$$EventMessageNode","id":"88cc95af-7af4-45d3-b5d6-1a9a855744bf","ts":"2025-07-03T22:37:26.509-04:00","eventName":"n8n.node.started","message":"n8n.node.started","payload":{"workflowId":"nBxpNYj7DCDZMOG7","workflowName":"My workflow","executionId":"10","nodeType":"n8n-nodes-base.rssFeedRead","nodeName":"RSS Read","nodeId":"69c1b352-5f9f-4e3a-bf53-481bbf5c3da0"}}
{"__type":"$$EventMessageConfirm","confirm":"88cc95af-7af4-45d3-b5d6-1a9a855744bf","ts":"2025-07-03T22:37:26.510-04:00","source":{"id":"0","name":"eventBus"}}
{"__type":"$$EventMessageNode","id":"9e4c9d46-e61b-4eee-b699-bb519399de02","ts":"2025-07-03T22:37:27.763-04:00","eventName":"n8n.node.finished","message":"n8n.node.finished","payload":{"workflowId":"nBxpNYj7DCDZMOG7","workflowName":"My workflow","executionId":"10","nodeType":"n8n-nodes-base.rssFeedRead","nodeName":"RSS Read","nodeId":"69c1b352-5f9f-4e3a-bf53-481bbf5c3da0"}}
{"__type":"$$EventMessageConfirm","confirm":"9e4c9d46-e61b-4eee-b699-bb519399de02","ts":"2025-07-03T22:37:27.763-04:00","source":{"id":"0","name":"eventBus"}}
{"__type":"$$EventMessageWorkflow","id":"7f908633-93d9-48dd-854d-fb6466154ce5","ts":"2025-07-03T22:37:27.768-04:00","eventName":"n8n.workflow.success","message":"n8n.workflow.success","payload":{"executionId":"10","userId":"93bbfae3-8fe7-4590-a7a6-dff5be3b5093","success":true,"isManual":true,"workflowId":"nBxpNYj7DCDZMOG7","workflowName":"My workflow"}}
{"__type":"$$EventMessageConfirm","confirm":"7f908633-93d9-48dd-854d-fb6466154ce5","ts":"2025-07-03T22:37:27.768-04:00","source":{"id":"0","name":"eventBus"}}
{"__type":"$$EventMessageWorkflow","id":"0cfcc793-c81d-41b7-9b95-a6b3b0e410c9","ts":"2025-07-03T22:37:30.543-04:00","eventName":"n8n.workflow.failed","message":"n8n.workflow.failed","payload":{"executionId":"11","userId":"93bbfae3-8fe7-4590-a7a6-dff5be3b5093","success":false,"isManual":true,"workflowId":"nBxpNYj7DCDZMOG7","workflowName":"My workflow","errorMessage":"Connect a trigger to run this node"}}
{"__type":"$$EventMessageConfirm","confirm":"0cfcc793-c81d-41b7-9b95-a6b3b0e410c9","ts":"2025-07-03T22:37:30.543-04:00","source":{"id":"0","name":"eventBus"}}
{"__type":"$$EventMessageWorkflow","id":"b31ad0c4-b80b-4f31-a89e-9e79991a554d","ts":"2025-07-03T22:37:44.507-04:00","eventName":"n8n.workflow.started","message":"n8n.workflow.started","payload":{"executionId":"12","workflowId":"nBxpNYj7DCDZMOG7","isManual":false,"workflowName":"My workflow"}}
{"__type":"$$EventMessageConfirm","confirm":"b31ad0c4-b80b-4f31-a89e-9e79991a554d","ts":"2025-07-03T22:37:44.507-04:00","source":{"id":"0","name":"eventBus"}}
{"__type":"$$EventMessageNode","id":"0ef13301-9cac-4cc6-9def-12208018b67e","ts":"2025-07-03T22:37:44.509-04:00","eventName":"n8n.node.started","message":"n8n.node.started","payload":{"workflowId":"nBxpNYj7DCDZMOG7","workflowName":"My workflow","executionId":"12","nodeType":"n8n-nodes-base.manualTrigger","nodeName":"When clicking ‘Execute workflow’","nodeId":"77fa9b60-8e04-4c4b-bc4e-31c9223286d2"}}
{"__type":"$$EventMessageConfirm","confirm":"0ef13301-9cac-4cc6-9def-12208018b67e","ts":"2025-07-03T22:37:44.509-04:00","source":{"id":"0","name":"eventBus"}}
{"__type":"$$EventMessageNode","id":"6aeaf3b2-cd32-473d-8d2e-a486a119d6f4","ts":"2025-07-03T22:37:44.515-04:00","eventName":"n8n.node.finished","message":"n8n.node.finished","payload":{"workflowId":"nBxpNYj7DCDZMOG7","workflowName":"My workflow","executionId":"12","nodeType":"n8n-nodes-base.manualTrigger","nodeName":"When clicking ‘Execute workflow’","nodeId":"77fa9b60-8e04-4c4b-bc4e-31c9223286d2"}}
{"__type":"$$EventMessageConfirm","confirm":"6aeaf3b2-cd32-473d-8d2e-a486a119d6f4","ts":"2025-07-03T22:37:44.515-04:00","source":{"id":"0","name":"eventBus"}}
{"__type":"$$EventMessageNode","id":"948fe531-215e-45fb-a288-edf8dcd3396b","ts":"2025-07-03T22:37:44.517-04:00","eventName":"n8n.node.started","message":"n8n.node.started","payload":{"workflowId":"nBxpNYj7DCDZMOG7","workflowName":"My workflow","executionId":"12","nodeType":"n8n-nodes-base.rssFeedRead","nodeName":"RSS Read","nodeId":"69c1b352-5f9f-4e3a-bf53-481bbf5c3da0"}}
{"__type":"$$EventMessageConfirm","confirm":"948fe531-215e-45fb-a288-edf8dcd3396b","ts":"2025-07-03T22:37:44.517-04:00","source":{"id":"0","name":"eventBus"}}
{"__type":"$$EventMessageNode","id":"72519d6f-a0d8-421b-bf0a-4388d9f4fb73","ts":"2025-07-03T22:37:45.787-04:00","eventName":"n8n.node.finished","message":"n8n.node.finished","payload":{"workflowId":"nBxpNYj7DCDZMOG7","workflowName":"My workflow","executionId":"12","nodeType":"n8n-nodes-base.rssFeedRead","nodeName":"RSS Read","nodeId":"69c1b352-5f9f-4e3a-bf53-481bbf5c3da0"}}
{"__type":"$$EventMessageConfirm","confirm":"72519d6f-a0d8-421b-bf0a-4388d9f4fb73","ts":"2025-07-03T22:37:45.787-04:00","source":{"id":"0","name":"eventBus"}}
{"__type":"$$EventMessageNode","id":"c6e18dc6-3813-43d1-a034-8d2f3c4cd7a9","ts":"2025-07-03T22:37:45.789-04:00","eventName":"n8n.node.started","message":"n8n.node.started","payload":{"workflowId":"nBxpNYj7DCDZMOG7","workflowName":"My workflow","executionId":"12","nodeType":"n8n-nodes-base.filter","nodeName":"Filter","nodeId":"e629e325-74ef-46a4-bd2b-8b1af1ffd9d7"}}
{"__type":"$$EventMessageConfirm","confirm":"c6e18dc6-3813-43d1-a034-8d2f3c4cd7a9","ts":"2025-07-03T22:37:45.790-04:00","source":{"id":"0","name":"eventBus"}}
{"__type":"$$EventMessageNode","id":"022a31ec-dbe7-4db3-8389-e1a4eaea1436","ts":"2025-07-03T22:37:45.823-04:00","eventName":"n8n.node.finished","message":"n8n.node.finished","payload":{"workflowId":"nBxpNYj7DCDZMOG7","workflowName":"My workflow","executionId":"12","nodeType":"n8n-nodes-base.filter","nodeName":"Filter","nodeId":"e629e325-74ef-46a4-bd2b-8b1af1ffd9d7"}}
{"__type":"$$EventMessageConfirm","confirm":"022a31ec-dbe7-4db3-8389-e1a4eaea1436","ts":"2025-07-03T22:37:45.824-04:00","source":{"id":"0","name":"eventBus"}}
{"__type":"$$EventMessageWorkflow","id":"61564d51-60bf-4a28-a40e-0e344e71e5bf","ts":"2025-07-03T22:37:45.828-04:00","eventName":"n8n.workflow.success","message":"n8n.workflow.success","payload":{"executionId":"12","userId":"93bbfae3-8fe7-4590-a7a6-dff5be3b5093","success":true,"isManual":true,"workflowId":"nBxpNYj7DCDZMOG7","workflowName":"My workflow"}}
{"__type":"$$EventMessageConfirm","confirm":"61564d51-60bf-4a28-a40e-0e344e71e5bf","ts":"2025-07-03T22:37:45.828-04:00","source":{"id":"0","name":"eventBus"}}
{"__type":"$$EventMessageWorkflow","id":"b4bff302-4d5f-4d5c-bdf7-db7b09bf7d84","ts":"2025-07-03T22:38:41.552-04:00","eventName":"n8n.workflow.started","message":"n8n.workflow.started","payload":{"executionId":"13","workflowId":"nBxpNYj7DCDZMOG7","isManual":false,"workflowName":"My workflow"}}
{"__type":"$$EventMessageConfirm","confirm":"b4bff302-4d5f-4d5c-bdf7-db7b09bf7d84","ts":"2025-07-03T22:38:41.552-04:00","source":{"id":"0","name":"eventBus"}}
{"__type":"$$EventMessageNode","id":"286e566a-d83b-4837-a883-e2011f8b85c3","ts":"2025-07-03T22:38:41.559-04:00","eventName":"n8n.node.started","message":"n8n.node.started","payload":{"workflowId":"nBxpNYj7DCDZMOG7","workflowName":"My workflow","executionId":"13","nodeType":"n8n-nodes-base.set","nodeName":"Edit Fields","nodeId":"98bb1054-955e-480f-9bdb-c69c1a235097"}}
{"__type":"$$EventMessageConfirm","confirm":"286e566a-d83b-4837-a883-e2011f8b85c3","ts":"2025-07-03T22:38:41.559-04:00","source":{"id":"0","name":"eventBus"}}
{"__type":"$$EventMessageNode","id":"daea523f-c59b-40c5-8b39-e539d4540fd2","ts":"2025-07-03T22:38:41.580-04:00","eventName":"n8n.node.finished","message":"n8n.node.finished","payload":{"workflowId":"nBxpNYj7DCDZMOG7","workflowName":"My workflow","executionId":"13","nodeType":"n8n-nodes-base.set","nodeName":"Edit Fields","nodeId":"98bb1054-955e-480f-9bdb-c69c1a235097"}}
{"__type":"$$EventMessageConfirm","confirm":"daea523f-c59b-40c5-8b39-e539d4540fd2","ts":"2025-07-03T22:38:41.581-04:00","source":{"id":"0","name":"eventBus"}}
{"__type":"$$EventMessageWorkflow","id":"f202aee1-75d5-44ac-bba5-6460b8541c39","ts":"2025-07-03T22:38:41.586-04:00","eventName":"n8n.workflow.success","message":"n8n.workflow.success","payload":{"executionId":"13","userId":"93bbfae3-8fe7-4590-a7a6-dff5be3b5093","success":true,"isManual":true,"workflowId":"nBxpNYj7DCDZMOG7","workflowName":"My workflow"}}
{"__type":"$$EventMessageConfirm","confirm":"f202aee1-75d5-44ac-bba5-6460b8541c39","ts":"2025-07-03T22:38:41.587-04:00","source":{"id":"0","name":"eventBus"}}
{"__type":"$$EventMessageWorkflow","id":"a586eb3b-77d2-494c-8ddf-35deb9e153fc","ts":"2025-07-03T22:38:57.718-04:00","eventName":"n8n.workflow.started","message":"n8n.workflow.started","payload":{"executionId":"14","workflowId":"nBxpNYj7DCDZMOG7","isManual":false,"workflowName":"My workflow"}}
{"__type":"$$EventMessageConfirm","confirm":"a586eb3b-77d2-494c-8ddf-35deb9e153fc","ts":"2025-07-03T22:38:57.718-04:00","source":{"id":"0","name":"eventBus"}}
{"__type":"$$EventMessageNode","id":"a20a9fcf-30d2-43be-9dc9-8595e5d06030","ts":"2025-07-03T22:38:57.721-04:00","eventName":"n8n.node.started","message":"n8n.node.started","payload":{"workflowId":"nBxpNYj7DCDZMOG7","workflowName":"My workflow","executionId":"14","nodeType":"n8n-nodes-base.convertToFile","nodeName":"Convert to File","nodeId":"50011878-2241-4d3f-a456-8246d8ecc536"}}
{"__type":"$$EventMessageConfirm","confirm":"a20a9fcf-30d2-43be-9dc9-8595e5d06030","ts":"2025-07-03T22:38:57.721-04:00","source":{"id":"0","name":"eventBus"}}
{"__type":"$$EventMessageNode","id":"a4d89fe0-199f-44e6-91a7-9aeb2355d4ec","ts":"2025-07-03T22:38:57.729-04:00","eventName":"n8n.node.finished","message":"n8n.node.finished","payload":{"workflowId":"nBxpNYj7DCDZMOG7","workflowName":"My workflow","executionId":"14","nodeType":"n8n-nodes-base.convertToFile","nodeName":"Convert to File","nodeId":"50011878-2241-4d3f-a456-8246d8ecc536"}}
{"__type":"$$EventMessageConfirm","confirm":"a4d89fe0-199f-44e6-91a7-9aeb2355d4ec","ts":"2025-07-03T22:38:57.730-04:00","source":{"id":"0","name":"eventBus"}}
{"__type":"$$EventMessageWorkflow","id":"74e8260e-9c1e-4ca2-a25a-de28e5415c0e","ts":"2025-07-03T22:38:57.733-04:00","eventName":"n8n.workflow.success","message":"n8n.workflow.success","payload":{"executionId":"14","userId":"93bbfae3-8fe7-4590-a7a6-dff5be3b5093","success":true,"isManual":true,"workflowId":"nBxpNYj7DCDZMOG7","workflowName":"My workflow"}}
{"__type":"$$EventMessageConfirm","confirm":"74e8260e-9c1e-4ca2-a25a-de28e5415c0e","ts":"2025-07-03T22:38:57.733-04:00","source":{"id":"0","name":"eventBus"}}
{"__type":"$$EventMessageAudit","id":"57adc08a-26b9-41c2-8397-905df47d835e","ts":"2025-07-04T00:18:20.532-04:00","eventName":"n8n.audit.workflow.updated","message":"n8n.audit.workflow.updated","payload":{"userId":"93bbfae3-8fe7-4590-a7a6-dff5be3b5093","_email":"kietngo9204@gmail.com","_firstName":"Kiet","_lastName":"Corn","globalRole":"global:owner","workflowId":"nBxpNYj7DCDZMOG7","workflowName":"My workflow"}}
{"__type":"$$EventMessageConfirm","confirm":"57adc08a-26b9-41c2-8397-905df47d835e","ts":"2025-07-04T00:18:20.534-04:00","source":{"id":"0","name":"eventBus"}}
